<?xml version="1.0" encoding="UTF-8"?>
<!-- Generated by org.testng.reporters.JUnitReportReporter -->
<testsuite skipped="0" hostname="Sofiya-PC" name="com.crm.qa.testdata.LoginPageTest" tests="3" failures="0" timestamp="2020-04-08T11:27:10 IST" time="56.650" errors="0">
  <testcase name="loginPageTitleTest" time="12.875" classname="com.crm.qa.testdata.LoginPageTest"/>
  <system-out/>
  <testcase name="crmLogoImageTest" time="13.465" classname="com.crm.qa.testdata.LoginPageTest"/>
  <system-out/>
  <testcase name="loginTest" time="30.310" classname="com.crm.qa.testdata.LoginPageTest"/>
  <system-out/>
</testsuite> <!-- com.crm.qa.testdata.LoginPageTest -->
