<?xml version="1.0" encoding="UTF-8"?>
<!-- Generated by org.testng.reporters.JUnitReportReporter -->
<testsuite skipped="0" hostname="Sofiya-PC" name="com.crm.qa.testdata.LoginPageTest" tests="3" failures="0" timestamp="2020-04-07T21:31:08 IST" time="45.954" errors="0">
  <testcase name="loginPageTitleTest" time="11.402" classname="com.crm.qa.testdata.LoginPageTest"/>
  <system-out/>
  <testcase name="crmLogoImageTest" time="8.932" classname="com.crm.qa.testdata.LoginPageTest"/>
  <system-out/>
  <testcase name="loginTest" time="25.620" classname="com.crm.qa.testdata.LoginPageTest"/>
  <system-out/>
</testsuite> <!-- com.crm.qa.testdata.LoginPageTest -->
