<?xml version="1.0" encoding="UTF-8"?>
<!-- Generated by org.testng.reporters.JUnitReportReporter -->
<testsuite skipped="2" hostname="Sofiya-PC" name="com.crm.qa.testdata.HomePageTest" tests="3" failures="0" timestamp="2020-04-08T13:00:15 IST" time="34.524" errors="0">
  <testcase name="verifyContactsLinkTest" time="34.524" classname="com.crm.qa.testdata.HomePageTest"/>
  <system-out/>
  <testcase name="verifyUserNameTest" classname="com.crm.qa.testdata.HomePageTest">
    <skipped/>
  </testcase> <!-- verifyUserNameTest -->
  <system-out/>
  <testcase name="verifyHomePageTitleTest" classname="com.crm.qa.testdata.HomePageTest">
    <skipped/>
  </testcase> <!-- verifyHomePageTitleTest -->
  <system-out/>
</testsuite> <!-- com.crm.qa.testdata.HomePageTest -->
