<?xml version="1.0" encoding="UTF-8"?>
<!-- Generated by org.testng.reporters.JUnitReportReporter -->
<testsuite skipped="0" hostname="Sofiya-PC" name="com.crm.qa.testdata.LoginPageTest" tests="3" failures="0" timestamp="2020-04-09T17:07:25 IST" time="48.711" errors="0">
  <testcase name="loginPageTitleTest" time="11.788" classname="com.crm.qa.testdata.LoginPageTest"/>
  <system-out/>
  <testcase name="crmLogoImageTest" time="9.630" classname="com.crm.qa.testdata.LoginPageTest"/>
  <system-out/>
  <testcase name="loginTest" time="27.293" classname="com.crm.qa.testdata.LoginPageTest"/>
  <system-out/>
</testsuite> <!-- com.crm.qa.testdata.LoginPageTest -->
